<?xml version="1.0" encoding="UTF-8"?>
<testsuite xmlns:xsi="http://www.w3.org/2001/XMLSchema-instance" xsi:noNamespaceSchemaLocation="https://maven.apache.org/surefire/maven-surefire-plugin/xsd/surefire-test-report.xsd" name="com.practice.TestWithTag" time="0.032" tests="3" errors="0" skipped="0" failures="0">
  <properties>
[...]
</properties>
  <testcase name="integrationTest1" classname="com.practice.TestWithTag" time="0.018"/>
  <testcase name="integrationTest2" classname="com.practice.TestWithTag" time="0.001"/>
  <testcase name="testDivideSuccess" classname="com.practice.TestWithTag" time="0.003"/>
</testsuite>