<?xml version="1.0" encoding="UTF-8"?>
<testsuite xmlns:xsi="http://www.w3.org/2001/XMLSchema-instance" xsi:noNamespaceSchemaLocation="https://maven.apache.org/surefire/maven-surefire-plugin/xsd/surefire-test-report.xsd" name="com.practice.CalculatorTest" time="0.044" tests="4" errors="0" skipped="1" failures="0">
  <properties>
[...]
</properties>
  <testcase name="testDivideFailed" classname="com.practice.CalculatorTest" time="0.021"/>
  <testcase name="testAddSuccess" classname="com.practice.CalculatorTest" time="0.001"/>
  <testcase name="testComingSoon" classname="com.practice.CalculatorTest" time="0">
    <skipped message="public void com.practice.CalculatorTest.testComingSoon() is @Disabled"/>
  </testcase>
  <testcase name="testDivideSuccess" classname="com.practice.CalculatorTest" time="0.001"/>
</testsuite>